<html>
<head>
<title>TestNG:  Siddhi-io-feed-tests</title>
<link href="../testng.css" rel="stylesheet" type="text/css" />
<link href="../my-testng.css" rel="stylesheet" type="text/css" />

<style type="text/css">
.log { display: none;} 
.stack-trace { display: none;} 
</style>
<script type="text/javascript">
<!--
function flip(e) {
  current = e.style.display;
  if (current == 'block') {
    e.style.display = 'none';
    return 0;
  }
  else {
    e.style.display = 'block';
    return 1;
  }
}

function toggleBox(szDivId, elem, msg1, msg2)
{
  var res = -1;  if (document.getElementById) {
    res = flip(document.getElementById(szDivId));
  }
  else if (document.all) {
    // this is the way old msie versions work
    res = flip(document.all[szDivId]);
  }
  if(elem) {
    if(res == 0) elem.innerHTML = msg1; else elem.innerHTML = msg2;
  }

}

function toggleAllBoxes() {
  if (document.getElementsByTagName) {
    d = document.getElementsByTagName('div');
    for (i = 0; i < d.length; i++) {
      if (d[i].className == 'log') {
        flip(d[i]);
      }
    }
  }
}

// -->
</script>

</head>
<body>
<h2 align='center'>Siddhi-io-feed-tests</h2><table border='1' align="center">
<tr>
<td>Tests passed/Failed/Skipped:</td><td>11/0/0</td>
</tr><tr>
<td>Started on:</td><td>Fri May 10 08:02:02 IST 2019</td>
</tr>
<tr><td>Total time:</td><td>23 seconds (23194 ms)</td>
</tr><tr>
<td>Included groups:</td><td></td>
</tr><tr>
<td>Excluded groups:</td><td></td>
</tr>
</table><p/>
<small><i>(Hover the method name to see the test class name)</i></small><p/>
<table width='100%' border='1' class='invocation-passed'>
<tr><td colspan='4' align='center'><b>PASSED TESTS</b></td></tr>
<tr><td><b>Test method</b></td>
<td width="30%"><b>Exception</b></td>
<td width="10%"><b>Time (seconds)</b></td>
<td><b>Instance</b></td>
</tr>
<tr>
<td title='org.wso2.extension.siddhi.io.feed.sink.TestCaseOfFeedSink.basicSink()'><b>basicSink</b><br>Test class: org.wso2.extension.siddhi.io.feed.sink.TestCaseOfFeedSink</td>
<td></td>
<td>2</td>
<td>org.wso2.extension.siddhi.io.feed.sink.TestCaseOfFeedSink@9b76b60</td></tr>
<tr>
<td title='org.wso2.extension.siddhi.io.feed.sink.TestCaseOfFeedSink.sinkForDelete()'><b>sinkForDelete</b><br>Test class: org.wso2.extension.siddhi.io.feed.sink.TestCaseOfFeedSink</td>
<td></td>
<td>0</td>
<td>org.wso2.extension.siddhi.io.feed.sink.TestCaseOfFeedSink@9b76b60</td></tr>
<tr>
<td title='org.wso2.extension.siddhi.io.feed.sink.TestCaseOfFeedSink.sinkForUpdate()'><b>sinkForUpdate</b><br>Test class: org.wso2.extension.siddhi.io.feed.sink.TestCaseOfFeedSink</td>
<td></td>
<td>0</td>
<td>org.wso2.extension.siddhi.io.feed.sink.TestCaseOfFeedSink@9b76b60</td></tr>
<tr>
<td title='org.wso2.extension.siddhi.io.feed.sink.TestCaseOfFeedSink.sinkForValidation()'><b>sinkForValidation</b><br>Test class: org.wso2.extension.siddhi.io.feed.sink.TestCaseOfFeedSink</td>
<td><div><pre>org.wso2.siddhi.query.api.exception.SiddhiAppValidationException: Error on &apos;test&apos; @ Line: 5. Position: 61, near &apos;@Sink(type=&apos;feed&apos;, 
feed.type = &apos;Atomm&apos;, 
url = &apos;localhost.&apos;, 
@map(type = &apos;keyvalue&apos;, fail.on.missing.attribute = &apos;false&apos;))&apos;. Url Syntax Error in outputStream 
	at org.wso2.extension.siddhi.io.feed.sink.FeedSink.init(FeedSink.java:124)
	at org.wso2.siddhi.core.stream.output.sink.Sink.init(Sink.java:91)
	at org.wso2.siddhi.core.util.parser.helper.DefinitionParserHelper.addEventSink(DefinitionParserHelper.java:546)
	at org.wso2.siddhi.core.util.SiddhiAppRuntimeBuilder.defineStream(SiddhiAppRuntimeBuilder.java:115)
	at org.wso2.siddhi.core.util.parser.SiddhiAppParser.defineStreamDefinitions(SiddhiAppParser.java:319)
	at org.wso2.siddhi.core.util.parser.SiddhiAppParser.parse(SiddhiAppParser.java:226)
	at org.wso2.siddhi.core.SiddhiManager.createSiddhiAppRuntime(SiddhiManager.java:65)
	at org.wso2.siddhi.core.SiddhiManager.createSiddhiAppRuntime(SiddhiManager.java:74)
	at org.wso2.extension.siddhi.io.feed.sink.TestCaseOfFeedSink.sinkForValidation(TestCaseOfFeedSink.java:214)
... Removed 28 stack frames</pre></div><a href='#' onClick='toggleBox("stack-trace483722291", this, "Click to show all stack frames", "Click to hide stack frames")'>Click to show all stack frames</a>
<div class='stack-trace' id='stack-trace483722291'><pre>org.wso2.siddhi.query.api.exception.SiddhiAppValidationException: Error on &apos;test&apos; @ Line: 5. Position: 61, near &apos;@Sink(type=&apos;feed&apos;, 
feed.type = &apos;Atomm&apos;, 
url = &apos;localhost.&apos;, 
@map(type = &apos;keyvalue&apos;, fail.on.missing.attribute = &apos;false&apos;))&apos;. Url Syntax Error in outputStream 
	at org.wso2.extension.siddhi.io.feed.sink.FeedSink.init(FeedSink.java:124)
	at org.wso2.siddhi.core.stream.output.sink.Sink.init(Sink.java:91)
	at org.wso2.siddhi.core.util.parser.helper.DefinitionParserHelper.addEventSink(DefinitionParserHelper.java:546)
	at org.wso2.siddhi.core.util.SiddhiAppRuntimeBuilder.defineStream(SiddhiAppRuntimeBuilder.java:115)
	at org.wso2.siddhi.core.util.parser.SiddhiAppParser.defineStreamDefinitions(SiddhiAppParser.java:319)
	at org.wso2.siddhi.core.util.parser.SiddhiAppParser.parse(SiddhiAppParser.java:226)
	at org.wso2.siddhi.core.SiddhiManager.createSiddhiAppRuntime(SiddhiManager.java:65)
	at org.wso2.siddhi.core.SiddhiManager.createSiddhiAppRuntime(SiddhiManager.java:74)
	at org.wso2.extension.siddhi.io.feed.sink.TestCaseOfFeedSink.sinkForValidation(TestCaseOfFeedSink.java:214)
	at sun.reflect.NativeMethodAccessorImpl.invoke0(Native Method)
	at sun.reflect.NativeMethodAccessorImpl.invoke(NativeMethodAccessorImpl.java:62)
	at sun.reflect.DelegatingMethodAccessorImpl.invoke(DelegatingMethodAccessorImpl.java:43)
	at java.lang.reflect.Method.invoke(Method.java:498)
	at org.testng.internal.MethodInvocationHelper.invokeMethod(MethodInvocationHelper.java:108)
	at org.testng.internal.Invoker.invokeMethod(Invoker.java:661)
	at org.testng.internal.Invoker.invokeTestMethod(Invoker.java:869)
	at org.testng.internal.Invoker.invokeTestMethods(Invoker.java:1193)
	at org.testng.internal.TestMethodWorker.invokeTestMethods(TestMethodWorker.java:126)
	at org.testng.internal.TestMethodWorker.run(TestMethodWorker.java:109)
	at org.testng.TestRunner.privateRun(TestRunner.java:744)
	at org.testng.TestRunner.run(TestRunner.java:602)
	at org.testng.SuiteRunner.runTest(SuiteRunner.java:380)
	at org.testng.SuiteRunner.runSequentially(SuiteRunner.java:375)
	at org.testng.SuiteRunner.privateRun(SuiteRunner.java:340)
	at org.testng.SuiteRunner.run(SuiteRunner.java:289)
	at org.testng.SuiteRunnerWorker.runSuite(SuiteRunnerWorker.java:52)
	at org.testng.SuiteRunnerWorker.run(SuiteRunnerWorker.java:86)
	at org.testng.TestNG.runSuitesSequentially(TestNG.java:1301)
	at org.testng.TestNG.runSuitesLocally(TestNG.java:1226)
	at org.testng.TestNG.runSuites(TestNG.java:1144)
	at org.testng.TestNG.run(TestNG.java:1115)
	at org.apache.maven.surefire.testng.TestNGExecutor.run(TestNGExecutor.java:281)
	at org.apache.maven.surefire.testng.TestNGXmlTestSuite.execute(TestNGXmlTestSuite.java:75)
	at org.apache.maven.surefire.testng.TestNGProvider.invoke(TestNGProvider.java:121)
	at org.apache.maven.surefire.booter.ForkedBooter.invokeProviderInSameClassLoader(ForkedBooter.java:290)
	at org.apache.maven.surefire.booter.ForkedBooter.runSuitesInProcess(ForkedBooter.java:242)
	at org.apache.maven.surefire.booter.ForkedBooter.main(ForkedBooter.java:121)
</pre></div></td>
<td>0</td>
<td>org.wso2.extension.siddhi.io.feed.sink.TestCaseOfFeedSink@9b76b60</td></tr>
<tr>
<td title='org.wso2.extension.siddhi.io.feed.source.TestCaseOfFeedSource.sinkForValidation()'><b>sinkForValidation</b><br>Test class: org.wso2.extension.siddhi.io.feed.source.TestCaseOfFeedSource</td>
<td><div><pre>org.wso2.siddhi.query.api.exception.SiddhiAppValidationException: Error on &apos;test&apos; @ Line: 5. Position: 61, near &apos;@Source(type=&apos;feed&apos;, 
feed.type = &apos;Atomm&apos;, 
url = &apos;http://feeds.bbci.co.uk/news/rss.xml&apos;, 
@map(type = &apos;keyvalue&apos;, fail.on.missing.attribute = &apos;false&apos;))&apos;. Feed Type Validation error in outputStream Acceptance parameters are RSS &amp; Atom
	at org.wso2.extension.siddhi.io.feed.source.FeedSource.validateType(FeedSource.java:116)
	at org.wso2.extension.siddhi.io.feed.source.FeedSource.init(FeedSource.java:102)
	at org.wso2.siddhi.core.stream.input.source.Source.init(Source.java:71)
	at org.wso2.siddhi.core.util.parser.helper.DefinitionParserHelper.addEventSource(DefinitionParserHelper.java:367)
	at org.wso2.siddhi.core.util.SiddhiAppRuntimeBuilder.defineStream(SiddhiAppRuntimeBuilder.java:114)
	at org.wso2.siddhi.core.util.parser.SiddhiAppParser.defineStreamDefinitions(SiddhiAppParser.java:319)
	at org.wso2.siddhi.core.util.parser.SiddhiAppParser.parse(SiddhiAppParser.java:226)
	at org.wso2.siddhi.core.SiddhiManager.createSiddhiAppRuntime(SiddhiManager.java:65)
	at org.wso2.siddhi.core.SiddhiManager.createSiddhiAppRuntime(SiddhiManager.java:74)
	at org.wso2.extension.siddhi.io.feed.source.TestCaseOfFeedSource.sinkForValidation(TestCaseOfFeedSource.java:179)
... Removed 28 stack frames</pre></div><a href='#' onClick='toggleBox("stack-trace1218365329", this, "Click to show all stack frames", "Click to hide stack frames")'>Click to show all stack frames</a>
<div class='stack-trace' id='stack-trace1218365329'><pre>org.wso2.siddhi.query.api.exception.SiddhiAppValidationException: Error on &apos;test&apos; @ Line: 5. Position: 61, near &apos;@Source(type=&apos;feed&apos;, 
feed.type = &apos;Atomm&apos;, 
url = &apos;http://feeds.bbci.co.uk/news/rss.xml&apos;, 
@map(type = &apos;keyvalue&apos;, fail.on.missing.attribute = &apos;false&apos;))&apos;. Feed Type Validation error in outputStream Acceptance parameters are RSS &amp; Atom
	at org.wso2.extension.siddhi.io.feed.source.FeedSource.validateType(FeedSource.java:116)
	at org.wso2.extension.siddhi.io.feed.source.FeedSource.init(FeedSource.java:102)
	at org.wso2.siddhi.core.stream.input.source.Source.init(Source.java:71)
	at org.wso2.siddhi.core.util.parser.helper.DefinitionParserHelper.addEventSource(DefinitionParserHelper.java:367)
	at org.wso2.siddhi.core.util.SiddhiAppRuntimeBuilder.defineStream(SiddhiAppRuntimeBuilder.java:114)
	at org.wso2.siddhi.core.util.parser.SiddhiAppParser.defineStreamDefinitions(SiddhiAppParser.java:319)
	at org.wso2.siddhi.core.util.parser.SiddhiAppParser.parse(SiddhiAppParser.java:226)
	at org.wso2.siddhi.core.SiddhiManager.createSiddhiAppRuntime(SiddhiManager.java:65)
	at org.wso2.siddhi.core.SiddhiManager.createSiddhiAppRuntime(SiddhiManager.java:74)
	at org.wso2.extension.siddhi.io.feed.source.TestCaseOfFeedSource.sinkForValidation(TestCaseOfFeedSource.java:179)
	at sun.reflect.NativeMethodAccessorImpl.invoke0(Native Method)
	at sun.reflect.NativeMethodAccessorImpl.invoke(NativeMethodAccessorImpl.java:62)
	at sun.reflect.DelegatingMethodAccessorImpl.invoke(DelegatingMethodAccessorImpl.java:43)
	at java.lang.reflect.Method.invoke(Method.java:498)
	at org.testng.internal.MethodInvocationHelper.invokeMethod(MethodInvocationHelper.java:108)
	at org.testng.internal.Invoker.invokeMethod(Invoker.java:661)
	at org.testng.internal.Invoker.invokeTestMethod(Invoker.java:869)
	at org.testng.internal.Invoker.invokeTestMethods(Invoker.java:1193)
	at org.testng.internal.TestMethodWorker.invokeTestMethods(TestMethodWorker.java:126)
	at org.testng.internal.TestMethodWorker.run(TestMethodWorker.java:109)
	at org.testng.TestRunner.privateRun(TestRunner.java:744)
	at org.testng.TestRunner.run(TestRunner.java:602)
	at org.testng.SuiteRunner.runTest(SuiteRunner.java:380)
	at org.testng.SuiteRunner.runSequentially(SuiteRunner.java:375)
	at org.testng.SuiteRunner.privateRun(SuiteRunner.java:340)
	at org.testng.SuiteRunner.run(SuiteRunner.java:289)
	at org.testng.SuiteRunnerWorker.runSuite(SuiteRunnerWorker.java:52)
	at org.testng.SuiteRunnerWorker.run(SuiteRunnerWorker.java:86)
	at org.testng.TestNG.runSuitesSequentially(TestNG.java:1301)
	at org.testng.TestNG.runSuitesLocally(TestNG.java:1226)
	at org.testng.TestNG.runSuites(TestNG.java:1144)
	at org.testng.TestNG.run(TestNG.java:1115)
	at org.apache.maven.surefire.testng.TestNGExecutor.run(TestNGExecutor.java:281)
	at org.apache.maven.surefire.testng.TestNGXmlTestSuite.execute(TestNGXmlTestSuite.java:75)
	at org.apache.maven.surefire.testng.TestNGProvider.invoke(TestNGProvider.java:121)
	at org.apache.maven.surefire.booter.ForkedBooter.invokeProviderInSameClassLoader(ForkedBooter.java:290)
	at org.apache.maven.surefire.booter.ForkedBooter.runSuitesInProcess(ForkedBooter.java:242)
	at org.apache.maven.surefire.booter.ForkedBooter.main(ForkedBooter.java:121)
</pre></div></td>
<td>0</td>
<td>org.wso2.extension.siddhi.io.feed.source.TestCaseOfFeedSource@5562c2c9</td></tr>
<tr>
<td title='org.wso2.extension.siddhi.io.feed.source.TestCaseOfFeedSource.sinkForValidation2()'><b>sinkForValidation2</b><br>Test class: org.wso2.extension.siddhi.io.feed.source.TestCaseOfFeedSource</td>
<td><div><pre>org.wso2.siddhi.query.api.exception.SiddhiAppValidationException: Error on &apos;test&apos; @ Line: 6. Position: 61, near &apos;@Source(type=&apos;feed&apos;, 
feed.type = &apos;Atom&apos;, 
request.interval = &apos;-1&apos;, 
url = &apos;http://feeds.bbci.co.uk/news/rss.xml&apos;, 
@map(type = &apos;keyvalue&apos;, fail.on.missing.attribute = &apos;false&apos;))&apos;.  Error in outputStream validating request interval, Request interval accept only positive integers 
	at org.wso2.extension.siddhi.io.feed.source.FeedSource.validateRequestInterval(FeedSource.java:127)
	at org.wso2.extension.siddhi.io.feed.source.FeedSource.init(FeedSource.java:103)
	at org.wso2.siddhi.core.stream.input.source.Source.init(Source.java:71)
	at org.wso2.siddhi.core.util.parser.helper.DefinitionParserHelper.addEventSource(DefinitionParserHelper.java:367)
	at org.wso2.siddhi.core.util.SiddhiAppRuntimeBuilder.defineStream(SiddhiAppRuntimeBuilder.java:114)
	at org.wso2.siddhi.core.util.parser.SiddhiAppParser.defineStreamDefinitions(SiddhiAppParser.java:319)
	at org.wso2.siddhi.core.util.parser.SiddhiAppParser.parse(SiddhiAppParser.java:226)
	at org.wso2.siddhi.core.SiddhiManager.createSiddhiAppRuntime(SiddhiManager.java:65)
	at org.wso2.siddhi.core.SiddhiManager.createSiddhiAppRuntime(SiddhiManager.java:74)
	at org.wso2.extension.siddhi.io.feed.source.TestCaseOfFeedSource.sinkForValidation2(TestCaseOfFeedSource.java:207)
... Removed 28 stack frames</pre></div><a href='#' onClick='toggleBox("stack-trace1101230785", this, "Click to show all stack frames", "Click to hide stack frames")'>Click to show all stack frames</a>
<div class='stack-trace' id='stack-trace1101230785'><pre>org.wso2.siddhi.query.api.exception.SiddhiAppValidationException: Error on &apos;test&apos; @ Line: 6. Position: 61, near &apos;@Source(type=&apos;feed&apos;, 
feed.type = &apos;Atom&apos;, 
request.interval = &apos;-1&apos;, 
url = &apos;http://feeds.bbci.co.uk/news/rss.xml&apos;, 
@map(type = &apos;keyvalue&apos;, fail.on.missing.attribute = &apos;false&apos;))&apos;.  Error in outputStream validating request interval, Request interval accept only positive integers 
	at org.wso2.extension.siddhi.io.feed.source.FeedSource.validateRequestInterval(FeedSource.java:127)
	at org.wso2.extension.siddhi.io.feed.source.FeedSource.init(FeedSource.java:103)
	at org.wso2.siddhi.core.stream.input.source.Source.init(Source.java:71)
	at org.wso2.siddhi.core.util.parser.helper.DefinitionParserHelper.addEventSource(DefinitionParserHelper.java:367)
	at org.wso2.siddhi.core.util.SiddhiAppRuntimeBuilder.defineStream(SiddhiAppRuntimeBuilder.java:114)
	at org.wso2.siddhi.core.util.parser.SiddhiAppParser.defineStreamDefinitions(SiddhiAppParser.java:319)
	at org.wso2.siddhi.core.util.parser.SiddhiAppParser.parse(SiddhiAppParser.java:226)
	at org.wso2.siddhi.core.SiddhiManager.createSiddhiAppRuntime(SiddhiManager.java:65)
	at org.wso2.siddhi.core.SiddhiManager.createSiddhiAppRuntime(SiddhiManager.java:74)
	at org.wso2.extension.siddhi.io.feed.source.TestCaseOfFeedSource.sinkForValidation2(TestCaseOfFeedSource.java:207)
	at sun.reflect.NativeMethodAccessorImpl.invoke0(Native Method)
	at sun.reflect.NativeMethodAccessorImpl.invoke(NativeMethodAccessorImpl.java:62)
	at sun.reflect.DelegatingMethodAccessorImpl.invoke(DelegatingMethodAccessorImpl.java:43)
	at java.lang.reflect.Method.invoke(Method.java:498)
	at org.testng.internal.MethodInvocationHelper.invokeMethod(MethodInvocationHelper.java:108)
	at org.testng.internal.Invoker.invokeMethod(Invoker.java:661)
	at org.testng.internal.Invoker.invokeTestMethod(Invoker.java:869)
	at org.testng.internal.Invoker.invokeTestMethods(Invoker.java:1193)
	at org.testng.internal.TestMethodWorker.invokeTestMethods(TestMethodWorker.java:126)
	at org.testng.internal.TestMethodWorker.run(TestMethodWorker.java:109)
	at org.testng.TestRunner.privateRun(TestRunner.java:744)
	at org.testng.TestRunner.run(TestRunner.java:602)
	at org.testng.SuiteRunner.runTest(SuiteRunner.java:380)
	at org.testng.SuiteRunner.runSequentially(SuiteRunner.java:375)
	at org.testng.SuiteRunner.privateRun(SuiteRunner.java:340)
	at org.testng.SuiteRunner.run(SuiteRunner.java:289)
	at org.testng.SuiteRunnerWorker.runSuite(SuiteRunnerWorker.java:52)
	at org.testng.SuiteRunnerWorker.run(SuiteRunnerWorker.java:86)
	at org.testng.TestNG.runSuitesSequentially(TestNG.java:1301)
	at org.testng.TestNG.runSuitesLocally(TestNG.java:1226)
	at org.testng.TestNG.runSuites(TestNG.java:1144)
	at org.testng.TestNG.run(TestNG.java:1115)
	at org.apache.maven.surefire.testng.TestNGExecutor.run(TestNGExecutor.java:281)
	at org.apache.maven.surefire.testng.TestNGXmlTestSuite.execute(TestNGXmlTestSuite.java:75)
	at org.apache.maven.surefire.testng.TestNGProvider.invoke(TestNGProvider.java:121)
	at org.apache.maven.surefire.booter.ForkedBooter.invokeProviderInSameClassLoader(ForkedBooter.java:290)
	at org.apache.maven.surefire.booter.ForkedBooter.runSuitesInProcess(ForkedBooter.java:242)
	at org.apache.maven.surefire.booter.ForkedBooter.main(ForkedBooter.java:121)
</pre></div></td>
<td>0</td>
<td>org.wso2.extension.siddhi.io.feed.source.TestCaseOfFeedSource@5562c2c9</td></tr>
<tr>
<td title='org.wso2.extension.siddhi.io.feed.source.TestCaseOfFeedSource.sinkForValidation3()'><b>sinkForValidation3</b><br>Test class: org.wso2.extension.siddhi.io.feed.source.TestCaseOfFeedSource</td>
<td><div><pre>org.wso2.siddhi.query.api.exception.SiddhiAppValidationException: Error on &apos;test&apos; @ Line: 6. Position: 61, near &apos;@Source(type=&apos;feed&apos;, 
feed.type = &apos;Atom&apos;, 
request.interval = &apos;A&apos;, 
url = &apos;http://feeds.bbci.co.uk/news/rss.xml&apos;, 
@map(type = &apos;keyvalue&apos;, fail.on.missing.attribute = &apos;false&apos;))&apos;.  Error in outputStream validating request interval, Request interval accept only positive integers 
	at org.wso2.extension.siddhi.io.feed.source.FeedSource.validateRequestInterval(FeedSource.java:131)
	at org.wso2.extension.siddhi.io.feed.source.FeedSource.init(FeedSource.java:103)
	at org.wso2.siddhi.core.stream.input.source.Source.init(Source.java:71)
	at org.wso2.siddhi.core.util.parser.helper.DefinitionParserHelper.addEventSource(DefinitionParserHelper.java:367)
	at org.wso2.siddhi.core.util.SiddhiAppRuntimeBuilder.defineStream(SiddhiAppRuntimeBuilder.java:114)
	at org.wso2.siddhi.core.util.parser.SiddhiAppParser.defineStreamDefinitions(SiddhiAppParser.java:319)
	at org.wso2.siddhi.core.util.parser.SiddhiAppParser.parse(SiddhiAppParser.java:226)
	at org.wso2.siddhi.core.SiddhiManager.createSiddhiAppRuntime(SiddhiManager.java:65)
	at org.wso2.siddhi.core.SiddhiManager.createSiddhiAppRuntime(SiddhiManager.java:74)
	at org.wso2.extension.siddhi.io.feed.source.TestCaseOfFeedSource.sinkForValidation3(TestCaseOfFeedSource.java:236)
... Removed 28 stack frames</pre></div><a href='#' onClick='toggleBox("stack-trace3439739", this, "Click to show all stack frames", "Click to hide stack frames")'>Click to show all stack frames</a>
<div class='stack-trace' id='stack-trace3439739'><pre>org.wso2.siddhi.query.api.exception.SiddhiAppValidationException: Error on &apos;test&apos; @ Line: 6. Position: 61, near &apos;@Source(type=&apos;feed&apos;, 
feed.type = &apos;Atom&apos;, 
request.interval = &apos;A&apos;, 
url = &apos;http://feeds.bbci.co.uk/news/rss.xml&apos;, 
@map(type = &apos;keyvalue&apos;, fail.on.missing.attribute = &apos;false&apos;))&apos;.  Error in outputStream validating request interval, Request interval accept only positive integers 
	at org.wso2.extension.siddhi.io.feed.source.FeedSource.validateRequestInterval(FeedSource.java:131)
	at org.wso2.extension.siddhi.io.feed.source.FeedSource.init(FeedSource.java:103)
	at org.wso2.siddhi.core.stream.input.source.Source.init(Source.java:71)
	at org.wso2.siddhi.core.util.parser.helper.DefinitionParserHelper.addEventSource(DefinitionParserHelper.java:367)
	at org.wso2.siddhi.core.util.SiddhiAppRuntimeBuilder.defineStream(SiddhiAppRuntimeBuilder.java:114)
	at org.wso2.siddhi.core.util.parser.SiddhiAppParser.defineStreamDefinitions(SiddhiAppParser.java:319)
	at org.wso2.siddhi.core.util.parser.SiddhiAppParser.parse(SiddhiAppParser.java:226)
	at org.wso2.siddhi.core.SiddhiManager.createSiddhiAppRuntime(SiddhiManager.java:65)
	at org.wso2.siddhi.core.SiddhiManager.createSiddhiAppRuntime(SiddhiManager.java:74)
	at org.wso2.extension.siddhi.io.feed.source.TestCaseOfFeedSource.sinkForValidation3(TestCaseOfFeedSource.java:236)
	at sun.reflect.NativeMethodAccessorImpl.invoke0(Native Method)
	at sun.reflect.NativeMethodAccessorImpl.invoke(NativeMethodAccessorImpl.java:62)
	at sun.reflect.DelegatingMethodAccessorImpl.invoke(DelegatingMethodAccessorImpl.java:43)
	at java.lang.reflect.Method.invoke(Method.java:498)
	at org.testng.internal.MethodInvocationHelper.invokeMethod(MethodInvocationHelper.java:108)
	at org.testng.internal.Invoker.invokeMethod(Invoker.java:661)
	at org.testng.internal.Invoker.invokeTestMethod(Invoker.java:869)
	at org.testng.internal.Invoker.invokeTestMethods(Invoker.java:1193)
	at org.testng.internal.TestMethodWorker.invokeTestMethods(TestMethodWorker.java:126)
	at org.testng.internal.TestMethodWorker.run(TestMethodWorker.java:109)
	at org.testng.TestRunner.privateRun(TestRunner.java:744)
	at org.testng.TestRunner.run(TestRunner.java:602)
	at org.testng.SuiteRunner.runTest(SuiteRunner.java:380)
	at org.testng.SuiteRunner.runSequentially(SuiteRunner.java:375)
	at org.testng.SuiteRunner.privateRun(SuiteRunner.java:340)
	at org.testng.SuiteRunner.run(SuiteRunner.java:289)
	at org.testng.SuiteRunnerWorker.runSuite(SuiteRunnerWorker.java:52)
	at org.testng.SuiteRunnerWorker.run(SuiteRunnerWorker.java:86)
	at org.testng.TestNG.runSuitesSequentially(TestNG.java:1301)
	at org.testng.TestNG.runSuitesLocally(TestNG.java:1226)
	at org.testng.TestNG.runSuites(TestNG.java:1144)
	at org.testng.TestNG.run(TestNG.java:1115)
	at org.apache.maven.surefire.testng.TestNGExecutor.run(TestNGExecutor.java:281)
	at org.apache.maven.surefire.testng.TestNGXmlTestSuite.execute(TestNGXmlTestSuite.java:75)
	at org.apache.maven.surefire.testng.TestNGProvider.invoke(TestNGProvider.java:121)
	at org.apache.maven.surefire.booter.ForkedBooter.invokeProviderInSameClassLoader(ForkedBooter.java:290)
	at org.apache.maven.surefire.booter.ForkedBooter.runSuitesInProcess(ForkedBooter.java:242)
	at org.apache.maven.surefire.booter.ForkedBooter.main(ForkedBooter.java:121)
</pre></div></td>
<td>0</td>
<td>org.wso2.extension.siddhi.io.feed.source.TestCaseOfFeedSource@5562c2c9</td></tr>
<tr>
<td title='org.wso2.extension.siddhi.io.feed.sink.TestCaseOfFeedSink.sinkValidationTest()'><b>sinkValidationTest</b><br>Test class: org.wso2.extension.siddhi.io.feed.sink.TestCaseOfFeedSink</td>
<td><div><pre>org.wso2.siddhi.query.api.exception.SiddhiAppValidationException: Error on &apos;test&apos; @ Line: 6. Position: 61, near &apos;@sink(type=&apos;feed&apos;, 
url = &apos;http://localhost:46273/news&apos;, 
http.response.code = &apos;204&apos;, 
atom.func = &apos;error value&apos;, 
@map(type = &apos;keyvalue&apos;, fail.on.missing.attribute = &apos;false&apos;))&apos;.  Atom finction validation error  in outputStream. Acceptance parameters are &apos;create&apos;, &apos;delete&apos;, &apos;update&apos;
	at org.wso2.extension.siddhi.io.feed.sink.FeedSink.validateAtomFn(FeedSink.java:151)
	at org.wso2.extension.siddhi.io.feed.sink.FeedSink.init(FeedSink.java:132)
	at org.wso2.siddhi.core.stream.output.sink.Sink.init(Sink.java:91)
	at org.wso2.siddhi.core.util.parser.helper.DefinitionParserHelper.addEventSink(DefinitionParserHelper.java:546)
	at org.wso2.siddhi.core.util.SiddhiAppRuntimeBuilder.defineStream(SiddhiAppRuntimeBuilder.java:115)
	at org.wso2.siddhi.core.util.parser.SiddhiAppParser.defineStreamDefinitions(SiddhiAppParser.java:319)
	at org.wso2.siddhi.core.util.parser.SiddhiAppParser.parse(SiddhiAppParser.java:226)
	at org.wso2.siddhi.core.SiddhiManager.createSiddhiAppRuntime(SiddhiManager.java:65)
	at org.wso2.siddhi.core.SiddhiManager.createSiddhiAppRuntime(SiddhiManager.java:74)
	at org.wso2.extension.siddhi.io.feed.sink.TestCaseOfFeedSink.sinkValidationTest(TestCaseOfFeedSink.java:250)
... Removed 28 stack frames</pre></div><a href='#' onClick='toggleBox("stack-trace668964635", this, "Click to show all stack frames", "Click to hide stack frames")'>Click to show all stack frames</a>
<div class='stack-trace' id='stack-trace668964635'><pre>org.wso2.siddhi.query.api.exception.SiddhiAppValidationException: Error on &apos;test&apos; @ Line: 6. Position: 61, near &apos;@sink(type=&apos;feed&apos;, 
url = &apos;http://localhost:46273/news&apos;, 
http.response.code = &apos;204&apos;, 
atom.func = &apos;error value&apos;, 
@map(type = &apos;keyvalue&apos;, fail.on.missing.attribute = &apos;false&apos;))&apos;.  Atom finction validation error  in outputStream. Acceptance parameters are &apos;create&apos;, &apos;delete&apos;, &apos;update&apos;
	at org.wso2.extension.siddhi.io.feed.sink.FeedSink.validateAtomFn(FeedSink.java:151)
	at org.wso2.extension.siddhi.io.feed.sink.FeedSink.init(FeedSink.java:132)
	at org.wso2.siddhi.core.stream.output.sink.Sink.init(Sink.java:91)
	at org.wso2.siddhi.core.util.parser.helper.DefinitionParserHelper.addEventSink(DefinitionParserHelper.java:546)
	at org.wso2.siddhi.core.util.SiddhiAppRuntimeBuilder.defineStream(SiddhiAppRuntimeBuilder.java:115)
	at org.wso2.siddhi.core.util.parser.SiddhiAppParser.defineStreamDefinitions(SiddhiAppParser.java:319)
	at org.wso2.siddhi.core.util.parser.SiddhiAppParser.parse(SiddhiAppParser.java:226)
	at org.wso2.siddhi.core.SiddhiManager.createSiddhiAppRuntime(SiddhiManager.java:65)
	at org.wso2.siddhi.core.SiddhiManager.createSiddhiAppRuntime(SiddhiManager.java:74)
	at org.wso2.extension.siddhi.io.feed.sink.TestCaseOfFeedSink.sinkValidationTest(TestCaseOfFeedSink.java:250)
	at sun.reflect.NativeMethodAccessorImpl.invoke0(Native Method)
	at sun.reflect.NativeMethodAccessorImpl.invoke(NativeMethodAccessorImpl.java:62)
	at sun.reflect.DelegatingMethodAccessorImpl.invoke(DelegatingMethodAccessorImpl.java:43)
	at java.lang.reflect.Method.invoke(Method.java:498)
	at org.testng.internal.MethodInvocationHelper.invokeMethod(MethodInvocationHelper.java:108)
	at org.testng.internal.Invoker.invokeMethod(Invoker.java:661)
	at org.testng.internal.Invoker.invokeTestMethod(Invoker.java:869)
	at org.testng.internal.Invoker.invokeTestMethods(Invoker.java:1193)
	at org.testng.internal.TestMethodWorker.invokeTestMethods(TestMethodWorker.java:126)
	at org.testng.internal.TestMethodWorker.run(TestMethodWorker.java:109)
	at org.testng.TestRunner.privateRun(TestRunner.java:744)
	at org.testng.TestRunner.run(TestRunner.java:602)
	at org.testng.SuiteRunner.runTest(SuiteRunner.java:380)
	at org.testng.SuiteRunner.runSequentially(SuiteRunner.java:375)
	at org.testng.SuiteRunner.privateRun(SuiteRunner.java:340)
	at org.testng.SuiteRunner.run(SuiteRunner.java:289)
	at org.testng.SuiteRunnerWorker.runSuite(SuiteRunnerWorker.java:52)
	at org.testng.SuiteRunnerWorker.run(SuiteRunnerWorker.java:86)
	at org.testng.TestNG.runSuitesSequentially(TestNG.java:1301)
	at org.testng.TestNG.runSuitesLocally(TestNG.java:1226)
	at org.testng.TestNG.runSuites(TestNG.java:1144)
	at org.testng.TestNG.run(TestNG.java:1115)
	at org.apache.maven.surefire.testng.TestNGExecutor.run(TestNGExecutor.java:281)
	at org.apache.maven.surefire.testng.TestNGXmlTestSuite.execute(TestNGXmlTestSuite.java:75)
	at org.apache.maven.surefire.testng.TestNGProvider.invoke(TestNGProvider.java:121)
	at org.apache.maven.surefire.booter.ForkedBooter.invokeProviderInSameClassLoader(ForkedBooter.java:290)
	at org.apache.maven.surefire.booter.ForkedBooter.runSuitesInProcess(ForkedBooter.java:242)
	at org.apache.maven.surefire.booter.ForkedBooter.main(ForkedBooter.java:121)
</pre></div></td>
<td>0</td>
<td>org.wso2.extension.siddhi.io.feed.sink.TestCaseOfFeedSink@9b76b60</td></tr>
<tr>
<td title='org.wso2.extension.siddhi.io.feed.source.TestCaseOfFeedSource.sourceForAtom()'><b>sourceForAtom</b><br>Test class: org.wso2.extension.siddhi.io.feed.source.TestCaseOfFeedSource</td>
<td></td>
<td>5</td>
<td>org.wso2.extension.siddhi.io.feed.source.TestCaseOfFeedSource@5562c2c9</td></tr>
<tr>
<td title='org.wso2.extension.siddhi.io.feed.source.TestCaseOfFeedSource.sourceForPauseAndResume()'><b>sourceForPauseAndResume</b><br>Test class: org.wso2.extension.siddhi.io.feed.source.TestCaseOfFeedSource</td>
<td></td>
<td>11</td>
<td>org.wso2.extension.siddhi.io.feed.source.TestCaseOfFeedSource@5562c2c9</td></tr>
<tr>
<td title='org.wso2.extension.siddhi.io.feed.source.TestCaseOfFeedSource.sourceForRss()'><b>sourceForRss</b><br>Test class: org.wso2.extension.siddhi.io.feed.source.TestCaseOfFeedSource</td>
<td></td>
<td>4</td>
<td>org.wso2.extension.siddhi.io.feed.source.TestCaseOfFeedSource@5562c2c9</td></tr>
</table><p>
</body>
</html>